[debug] [2018-10-15T23:24:32.358Z] ----------------------------------------------------------------------
[debug] [2018-10-15T23:24:32.361Z] Command:       C:\Program Files\nodejs\node.exe C:\Users\Miluska González\AppData\Roaming\npm\node_modules\firebase-tools\bin\firebase functions:shell
[debug] [2018-10-15T23:24:32.361Z] CLI Version:   5.1.1
[debug] [2018-10-15T23:24:32.361Z] Platform:      win32
[debug] [2018-10-15T23:24:32.361Z] Node Version:  v8.11.2
[debug] [2018-10-15T23:24:32.397Z] Time:          Mon Oct 15 2018 18:24:32 GMT-0500 (Hora est. Pacífico, Sudamérica)
[debug] [2018-10-15T23:24:32.397Z] ----------------------------------------------------------------------
[debug] 
[debug] [2018-10-15T23:24:32.451Z] > command requires scopes: ["email","openid","https://www.googleapis.com/auth/cloudplatformprojects.readonly","https://www.googleapis.com/auth/firebase","https://www.googleapis.com/auth/cloud-platform"]
[debug] [2018-10-15T23:24:32.451Z] > authorizing via signed-in user
[debug] [2018-10-15T23:24:32.452Z] [iam] checking project burger-queen-1510 for permissions ["firebase.projects.get"]
[debug] [2018-10-15T23:24:32.454Z] > refreshing access token with scopes: ["email","https://www.googleapis.com/auth/cloud-platform","https://www.googleapis.com/auth/cloudplatformprojects.readonly","https://www.googleapis.com/auth/firebase","openid"]
[debug] [2018-10-15T23:24:32.454Z] >>> HTTP REQUEST POST https://www.googleapis.com/oauth2/v3/token  
 <request body omitted>
[debug] [2018-10-15T23:24:41.304Z] <<< HTTP RESPONSE 200
[debug] [2018-10-15T23:24:41.344Z] >>> HTTP REQUEST POST https://cloudresourcemanager.googleapis.com/v1/projects/burger-queen-1510:testIamPermissions  

[debug] [2018-10-15T23:24:43.123Z] <<< HTTP RESPONSE 200
[info] i  functions: Preparing to emulate functions.
[debug] [2018-10-15T23:24:55.530Z] Fetching environment
[debug] [2018-10-15T23:24:55.553Z] >>> HTTP REQUEST GET https://cloudresourcemanager.googleapis.com/v1/projects/burger-queen-1510  
 
[debug] [2018-10-15T23:24:56.961Z] <<< HTTP RESPONSE 200
[debug] [2018-10-15T23:24:56.962Z] >>> HTTP REQUEST GET https://mobilesdk-pa.googleapis.com/v1/projects/407705744875:getServerAppConfig  
 
[debug] [2018-10-15T23:24:58.489Z] <<< HTTP RESPONSE 200
[debug] [2018-10-15T23:24:58.490Z] Starting @google-cloud/functions-emulator
[debug] [2018-10-15T23:25:04.399Z] Parsing function triggers
[debug] [2018-10-15T23:25:06.913Z] Deploying functions locally
[debug] [2018-10-15T23:25:06.918Z] Deploying functions locally
[info] +  functions: createProfile
[info] +  functions: deleteProfile
